<?xml version="1.0" encoding="UTF-8"?>
<!-- Generated by org.testng.reporters.JUnitReportReporter -->
<testsuite skipped="0" hostname="comp2" name="com.example.ASDMQ1.Asdmq1ApplicationTests" tests="1" failures="0" timestamp="15 Jun 2019 06:28:30 GMT" time="0.013" errors="0">
  <testcase name="contextLoads" time="0.013" classname="com.example.ASDMQ1.Asdmq1ApplicationTests"/>
</testsuite> <!-- com.example.ASDMQ1.Asdmq1ApplicationTests -->
